This is pdfTeX, Version 3.1415926-1.40.10 (TeX Live 2009/Debian) (format=pdflatex 2011.7.28)  14 SEP 2011 09:49
entering extended mode
 %&-line parsing enabled.
**RW354_3.tex
(./RW354_3.tex
LaTeX2e <2009/09/24>
Babel <v3.8l> and hyphenation patterns for english, usenglishmax, dumylang, noh
yphenation, farsi, arabic, croatian, bulgarian, ukrainian, russian, czech, slov
ak, danish, dutch, finnish, french, basque, ngerman, german, german-x-2009-06-1
9, ngerman-x-2009-06-19, ibycus, monogreek, greek, ancientgreek, hungarian, san
skrit, italian, latin, latvian, lithuanian, mongolian2a, mongolian, bokmal, nyn
orsk, romanian, irish, coptic, serbian, turkish, welsh, esperanto, uppersorbian
, estonian, indonesian, interlingua, icelandic, kurmanji, slovenian, polish, po
rtuguese, spanish, galician, catalan, swedish, ukenglish, pinyin, loaded.
(/usr/share/texmf-texlive/tex/latex/base/article.cls
Document Class: article 2007/10/19 v1.4h Standard LaTeX document class
(/usr/share/texmf-texlive/tex/latex/base/size10.clo
File: size10.clo 2007/10/19 v1.4h Standard LaTeX file (size option)
)
\c@part=\count79
\c@section=\count80
\c@subsection=\count81
\c@subsubsection=\count82
\c@paragraph=\count83
\c@subparagraph=\count84
\c@figure=\count85
\c@table=\count86
\abovecaptionskip=\skip41
\belowcaptionskip=\skip42
\bibindent=\dimen102
)
(/usr/share/texmf-texlive/tex/latex/amsmath/amsmath.sty
Package: amsmath 2000/07/18 v2.13 AMS math features
\@mathmargin=\skip43

For additional information on amsmath, use the `?' option.
(/usr/share/texmf-texlive/tex/latex/amsmath/amstext.sty
Package: amstext 2000/06/29 v2.01

(/usr/share/texmf-texlive/tex/latex/amsmath/amsgen.sty
File: amsgen.sty 1999/11/30 v2.0
\@emptytoks=\toks14
\ex@=\dimen103
))
(/usr/share/texmf-texlive/tex/latex/amsmath/amsbsy.sty
Package: amsbsy 1999/11/29 v1.2d
\pmbraise@=\dimen104
)
(/usr/share/texmf-texlive/tex/latex/amsmath/amsopn.sty
Package: amsopn 1999/12/14 v2.01 operator names
)
\inf@bad=\count87
LaTeX Info: Redefining \frac on input line 211.
\uproot@=\count88
\leftroot@=\count89
LaTeX Info: Redefining \overline on input line 307.
\classnum@=\count90
\DOTSCASE@=\count91
LaTeX Info: Redefining \ldots on input line 379.
LaTeX Info: Redefining \dots on input line 382.
LaTeX Info: Redefining \cdots on input line 467.
\Mathstrutbox@=\box26
\strutbox@=\box27
\big@size=\dimen105
LaTeX Font Info:    Redeclaring font encoding OML on input line 567.
LaTeX Font Info:    Redeclaring font encoding OMS on input line 568.
\macc@depth=\count92
\c@MaxMatrixCols=\count93
\dotsspace@=\muskip10
\c@parentequation=\count94
\dspbrk@lvl=\count95
\tag@help=\toks15
\row@=\count96
\column@=\count97
\maxfields@=\count98
\andhelp@=\toks16
\eqnshift@=\dimen106
\alignsep@=\dimen107
\tagshift@=\dimen108
\tagwidth@=\dimen109
\totwidth@=\dimen110
\lineht@=\dimen111
\@envbody=\toks17
\multlinegap=\skip44
\multlinetaggap=\skip45
\mathdisplay@stack=\toks18
LaTeX Info: Redefining \[ on input line 2666.
LaTeX Info: Redefining \] on input line 2667.
)
(/usr/share/texmf-texlive/tex/latex/amsfonts/amsfonts.sty
Package: amsfonts 2009/06/22 v3.00 Basic AMSFonts support
\symAMSa=\mathgroup4
\symAMSb=\mathgroup5
LaTeX Font Info:    Overwriting math alphabet `\mathfrak' in version `bold'
(Font)                  U/euf/m/n --> U/euf/b/n on input line 96.
)
(/usr/share/texmf-texlive/tex/latex/amsfonts/amssymb.sty
Package: amssymb 2009/06/22 v3.00
)
(/usr/share/texmf-texlive/tex/latex/graphics/graphicx.sty
Package: graphicx 1999/02/16 v1.0f Enhanced LaTeX Graphics (DPC,SPQR)

(/usr/share/texmf-texlive/tex/latex/graphics/keyval.sty
Package: keyval 1999/03/16 v1.13 key=value parser (DPC)
\KV@toks@=\toks19
)
(/usr/share/texmf-texlive/tex/latex/graphics/graphics.sty
Package: graphics 2009/02/05 v1.0o Standard LaTeX Graphics (DPC,SPQR)

(/usr/share/texmf-texlive/tex/latex/graphics/trig.sty
Package: trig 1999/03/16 v1.09 sin cos tan (DPC)
)
(/etc/texmf/tex/latex/config/graphics.cfg
File: graphics.cfg 2009/08/28 v1.8 graphics configuration of TeX Live
)
Package graphics Info: Driver file: pdftex.def on input line 91.

(/usr/share/texmf-texlive/tex/latex/pdftex-def/pdftex.def
File: pdftex.def 2009/08/25 v0.04m Graphics/color for pdfTeX
\Gread@gobject=\count99
))
\Gin@req@height=\dimen112
\Gin@req@width=\dimen113
)
(/usr/share/texmf-texlive/tex/latex/ltxmisc/url.sty
\Urlmuskip=\muskip11
Package: url 2006/04/12  ver 3.3  Verb mode for urls, etc.
)
(/usr/share/texmf/tex/latex/xcolor/xcolor.sty
Package: xcolor 2007/01/21 v2.11 LaTeX color extensions (UK)

(/etc/texmf/tex/latex/config/color.cfg
File: color.cfg 2007/01/18 v1.5 color configuration of teTeX/TeXLive
)
Package xcolor Info: Driver file: pdftex.def on input line 225.

(/usr/share/texmf-texlive/tex/latex/colortbl/colortbl.sty
Package: colortbl 2001/02/13 v0.1j Color table columns (DPC)

(/usr/share/texmf-texlive/tex/latex/tools/array.sty
Package: array 2008/09/09 v2.4c Tabular extension package (FMi)
\col@sep=\dimen114
\extrarowheight=\dimen115
\NC@list=\toks20
\extratabsurround=\skip46
\backup@length=\skip47
)
\everycr=\toks21
\minrowclearance=\skip48
)
\rownum=\count100
Package xcolor Info: Model `cmy' substituted by `cmy0' on input line 1337.
Package xcolor Info: Model `hsb' substituted by `rgb' on input line 1341.
Package xcolor Info: Model `RGB' extended on input line 1353.
Package xcolor Info: Model `HTML' substituted by `rgb' on input line 1355.
Package xcolor Info: Model `Hsb' substituted by `hsb' on input line 1356.
Package xcolor Info: Model `tHsb' substituted by `hsb' on input line 1357.
Package xcolor Info: Model `HSB' substituted by `hsb' on input line 1358.
Package xcolor Info: Model `Gray' substituted by `gray' on input line 1359.
Package xcolor Info: Model `wave' substituted by `hsb' on input line 1360.
)
(/usr/share/texmf-texlive/tex/latex/caption/caption.sty
Package: caption 2009/10/09 v3.1k Customizing captions (AR)

(/usr/share/texmf-texlive/tex/latex/caption/caption3.sty
Package: caption3 2009/10/09 v3.1k caption3 kernel (AR)
\captionmargin=\dimen116
\captionmargin@=\dimen117
\captionwidth=\dimen118
\caption@indent=\dimen119
\caption@parindent=\dimen120
\caption@hangindent=\dimen121
)
\c@ContinuedFloat=\count101
) (./RW354_3.aux)
\openout1 = `RW354_3.aux'.

LaTeX Font Info:    Checking defaults for OML/cmm/m/it on input line 17.
LaTeX Font Info:    ... okay on input line 17.
LaTeX Font Info:    Checking defaults for T1/cmr/m/n on input line 17.
LaTeX Font Info:    ... okay on input line 17.
LaTeX Font Info:    Checking defaults for OT1/cmr/m/n on input line 17.
LaTeX Font Info:    ... okay on input line 17.
LaTeX Font Info:    Checking defaults for OMS/cmsy/m/n on input line 17.
LaTeX Font Info:    ... okay on input line 17.
LaTeX Font Info:    Checking defaults for OMX/cmex/m/n on input line 17.
LaTeX Font Info:    ... okay on input line 17.
LaTeX Font Info:    Checking defaults for U/cmr/m/n on input line 17.
LaTeX Font Info:    ... okay on input line 17.

(/usr/share/texmf/tex/context/base/supp-pdf.mkii
[Loading MPS to PDF converter (version 2006.09.02).]
\scratchcounter=\count102
\scratchdimen=\dimen122
\scratchbox=\box28
\nofMPsegments=\count103
\nofMParguments=\count104
\everyMPshowfont=\toks22
\MPscratchCnt=\count105
\MPscratchDim=\dimen123
\MPnumerator=\count106
\everyMPtoPDFconversion=\toks23
)
Package caption Info: Begin \AtBeginDocument code.
Package caption Info: End \AtBeginDocument code.
LaTeX Font Info:    Try loading font information for U+msa on input line 18.
 (/usr/share/texmf-texlive/tex/latex/amsfonts/umsa.fd
File: umsa.fd 2009/06/22 v3.00 AMS symbols A
)
LaTeX Font Info:    Try loading font information for U+msb on input line 18.

(/usr/share/texmf-texlive/tex/latex/amsfonts/umsb.fd
File: umsb.fd 2009/06/22 v3.00 AMS symbols B
) [1

{/var/lib/texmf/fonts/map/pdftex/updmap/pdftex.map}] (./RW354_3.toc)
\tf@toc=\write3
\openout3 = `RW354_3.toc'.

 [2]
LaTeX Font Info:    Try loading font information for OMS+cmr on input line 42.

(/usr/share/texmf-texlive/tex/latex/base/omscmr.fd
File: omscmr.fd 1999/05/25 v2.5h Standard LaTeX font definitions
)
LaTeX Font Info:    Font shape `OMS/cmr/m/n' in size <10> not available
(Font)              Font shape `OMS/cmsy/m/n' tried instead on input line 42.
 [3]
Overfull \hbox (27.43382pt too wide) in paragraph at lines 84--88
[]\OT1/cmr/m/n/10 Critically, these op-er-a-tions take place in a des-ig-nated 
thread. A \OT1/cmtt/m/n/10 BandwidthMonitor
 []

[4] [5] <screens/re/Screenshot-33.png, id=25, 919.18407pt x 338.76563pt>
File: screens/re/Screenshot-33.png Graphic file (type png)

<use screens/re/Screenshot-33.png>
Overfull \hbox (70.20068pt too wide) in paragraph at lines 139--141
 |  [] 
 []

<screens/re/Screenshot-12.png, id=27, 921.4425pt x 353.06906pt>
File: screens/re/Screenshot-12.png Graphic file (type png)

<use screens/re/Screenshot-12.png>
Overfull \hbox (71.37508pt too wide) in paragraph at lines 159--161
 |  [] 
 []

[6 <./screens/re/Screenshot-33.png> <./screens/re/Screenshot-12.png>]
<screens/re/Screenshot-1.png, id=33, 927.465pt x 343.2825pt>
File: screens/re/Screenshot-1.png Graphic file (type png)

<use screens/re/Screenshot-1.png>
Overfull \hbox (74.50679pt too wide) in paragraph at lines 175--177
 |  [] 
 []

<screens/re/Screenshot-2.png, id=34, 917.67844pt x 335.75438pt>
File: screens/re/Screenshot-2.png Graphic file (type png)

<use screens/re/Screenshot-2.png>
Overfull \hbox (69.41774pt too wide) in paragraph at lines 188--190
 |  [] 
 []

[7 <./screens/re/Screenshot-1.png> <./screens/re/Screenshot-2.png>]
<screens/re/Screenshot-44.png, id=41, 917.67844pt x 341.02406pt>
File: screens/re/Screenshot-44.png Graphic file (type png)

<use screens/re/Screenshot-44.png>
Overfull \hbox (69.41774pt too wide) in paragraph at lines 213--215
 |  [] 
 []

<screens/re/Screenshot-46.png, id=42, 919.18407pt x 343.2825pt>
File: screens/re/Screenshot-46.png Graphic file (type png)

<use screens/re/Screenshot-46.png>
Overfull \hbox (51.81313pt too wide) in paragraph at lines 229--231
 |  [] 
 []

[8 <./screens/re/Screenshot-44.png> <./screens/re/Screenshot-46.png>]
<screens/re/Screenshot-48.png, id=48, 915.42pt x 336.50719pt>
File: screens/re/Screenshot-48.png Graphic file (type png)

<use screens/re/Screenshot-48.png>
Overfull \hbox (68.24336pt too wide) in paragraph at lines 244--246
 |  [] 
 []

<screens/re/Screenshot-50.png, id=49, 907.13907pt x 340.27126pt>
File: screens/re/Screenshot-50.png Graphic file (type png)

<use screens/re/Screenshot-50.png>
Overfull \hbox (63.93724pt too wide) in paragraph at lines 261--263
 |  [] 
 []

[9 <./screens/re/Screenshot-48.png> <./screens/re/Screenshot-50.png>]
<screens/re/Screenshot-4.png, id=55, 947.03813pt x 350.81062pt>
File: screens/re/Screenshot-4.png Graphic file (type png)

<use screens/re/Screenshot-4.png>
Overfull \hbox (84.68488pt too wide) in paragraph at lines 277--279
 |  [] 
 []

<screens/re/Screenshot-7.png, id=56, 937.25156pt x 340.27126pt>
File: screens/re/Screenshot-7.png Graphic file (type png)

<use screens/re/Screenshot-7.png>
Overfull \hbox (79.59583pt too wide) in paragraph at lines 292--294
 |  [] 
 []

[10 <./screens/re/Screenshot-4.png> <./screens/re/Screenshot-7.png>]
<screens/re/Screenshot-15.png, id=62, 926.71219pt x 344.03531pt>
File: screens/re/Screenshot-15.png Graphic file (type png)

<use screens/re/Screenshot-15.png>
Overfull \hbox (74.11533pt too wide) in paragraph at lines 302--304
 |  [] 
 []

<screens/trio.png, id=63, 886.81313pt x 666.99188pt>
File: screens/trio.png Graphic file (type png)
 <use screens/trio.png>
Overfull \hbox (68.36769pt too wide) in paragraph at lines 323--325
[]|  [] 
 []

[11

 <./screens/re/Screenshot-15.png>] [12 <./screens/trio.png (PNG copy)>]
[13] [14] (./RW354_3.aux) ) 
Here is how much of TeX's memory you used:
 3449 strings out of 493848
 46969 string characters out of 1152823
 117586 words of memory out of 3000000
 6690 multiletter control sequences out of 15000+50000
 12017 words of font info for 47 fonts, out of 3000000 for 9000
 714 hyphenation exceptions out of 8191
 41i,8n,38p,224b,275s stack positions out of 5000i,500n,10000p,200000b,50000s
</usr/share/texmf-texlive/fonts/type1/public/amsfont
s/cm/cmbx10.pfb></usr/share/texmf-texlive/fonts/type1/public/amsfonts/cm/cmbx12
.pfb></usr/share/texmf-texlive/fonts/type1/public/amsfonts/cm/cmr10.pfb></usr/s
hare/texmf-texlive/fonts/type1/public/amsfonts/cm/cmr12.pfb></usr/share/texmf-t
exlive/fonts/type1/public/amsfonts/cm/cmr17.pfb></usr/share/texmf-texlive/fonts
/type1/public/amsfonts/cm/cmr6.pfb></usr/share/texmf-texlive/fonts/type1/public
/amsfonts/cm/cmr7.pfb></usr/share/texmf-texlive/fonts/type1/public/amsfonts/cm/
cmr8.pfb></usr/share/texmf-texlive/fonts/type1/public/amsfonts/cm/cmsy10.pfb></
usr/share/texmf-texlive/fonts/type1/public/amsfonts/cm/cmti10.pfb></usr/share/t
exmf-texlive/fonts/type1/public/amsfonts/cm/cmtt10.pfb>
Output written on RW354_3.pdf (14 pages, 524962 bytes).
PDF statistics:
 116 PDF objects out of 1000 (max. 8388607)
 0 named destinations out of 1000 (max. 500000)
 61 words of extra memory for PDF output out of 10000 (max. 10000000)

